Iloveyou/proguard/seeds.txt
com.wbw.iloveyou.ConfigActivity
com.wbw.iloveyou.ConfigActivity: ConfigActivity()
com.wbw.iloveyou.FirstActivity
com.wbw.iloveyou.FirstActivity: FirstActivity()
com.wbw.iloveyou.SecondActivity
com.wbw.iloveyou.SecondActivity: SecondActivity()
com.wbw.iloveyou.ThridActivity
com.wbw.iloveyou.ThridActivity: ThridActivity()
...
net.youmi.android.b.b.b
net.youmi.android.b.b.b: boolean a(android.content.Context,java.lang.String,java.lang.String,java.lang.String,java.lang.String)
net.youmi.android.b.b.b: java.lang.String b(android.content.Context,java.lang.String,java.lang.String,java.lang.String,java.lang.String)
net.youmi.android.banner.AdSize
net.youmi.android.banner.AdSize: int FILL_PARENT
net.youmi.android.banner.AdSize: int WRAP_CONTENT
net.youmi.android.banner.AdSize: int LANDSPACE_AD_HEIGHT
net.youmi.android.banner.AdSize: int PORAIT_AD_HEIGHT
net.youmi.android.banner.AdSize: int LARGE_AD_HEIGHT
net.youmi.android.banner.AdSize: net.youmi.android.banner.AdSize SIZE_320x50
net.youmi.android.banner.AdSize: net.youmi.android.banner.AdSize SIZE_300x250
net.youmi.android.banner.AdSize: net.youmi.android.banner.AdSize SIZE_468x60
net.youmi.android.banner.AdSize: net.youmi.android.banner.AdSize SIZE_728x90
net.youmi.android.banner.AdSize: net.youmi.android.banner.AdSize FIT_SCREEN
net.youmi.android.banner.AdSize: int a
net.youmi.android.banner.AdSize: int b
net.youmi.android.banner.AdSize: int c
net.youmi.android.banner.AdSize: int d
net.youmi.android.banner.AdSize: AdSize(int,int)
net.youmi.android.banner.AdSize: int getAdWidth()
net.youmi.android.banner.AdSize: int getAdHeight()
net.youmi.android.banner.AdSize: int resizeWidth(android.content.Context)
net.youmi.android.banner.AdSize: int resizeHeight(android.content.Context)
net.youmi.android.banner.AdSize: void <clinit>()
net.youmi.android.banner.AdView
net.youmi.android.banner.AdView: net.youmi.android.banner.AdViewListener a
net.youmi.android.banner.AdView: net.youmi.android.banner.e e
net.youmi.android.banner.AdView: java.lang.String f
net.youmi.android.banner.AdView: android.content.Context g
net.youmi.android.banner.AdView: net.youmi.android.banner.AdSize b
net.youmi.android.banner.AdView: int c
net.youmi.android.banner.AdView: int d
net.youmi.android.banner.AdView: int h
net.youmi.android.banner.AdView: boolean i
net.youmi.android.banner.AdView: AdView(android.content.Context,net.youmi.android.banner.AdSize)
net.youmi.android.banner.AdView: void a()
net.youmi.android.banner.AdView: void setAdListener(net.youmi.android.banner.AdViewListener)
net.youmi.android.banner.AdView: boolean a(android.content.Context)
net.youmi.android.banner.AdView: void onAttachedToWindow()
net.youmi.android.banner.AdView: void onDetachedFromWindow()
net.youmi.android.banner.AdView: void onWindowFocusChanged(boolean)
net.youmi.android.banner.AdView: int getVisibility()
net.youmi.android.banner.AdView: void setVisibility(int)
net.youmi.android.banner.AdView: void <clinit>()
net.youmi.android.banner.AdViewListener
net.youmi.android.banner.AdViewListener: void onReceivedAd(net.youmi.android.banner.AdView)
net.youmi.android.banner.AdViewListener: void onSwitchedAd(net.youmi.android.banner.AdView)
net.youmi.android.banner.AdViewListener: void onFailedToReceivedAd(net.youmi.android.banner.AdView)
net.youmi.android.banner.BannerManager
net.youmi.android.banner.BannerManager: java.lang.String PROTOCOLVERSION
net.youmi.android.banner.BannerManager: int b
net.youmi.android.banner.BannerManager: java.util.HashMap a
net.youmi.android.banner.BannerManager: BannerManager()
net.youmi.android.banner.BannerManager: int a()
net.youmi.android.banner.BannerManager: void a(int)
net.youmi.android.banner.BannerManager: java.lang.String checkPermissions(android.content.Context)
net.youmi.android.banner.BannerManager: net.youmi.android.banner.h getBannerObject(int)
net.youmi.android.banner.BannerManager: void setBannerObject(int,net.youmi.android.banner.h)
net.youmi.android.banner.BannerManager: boolean checkBannerAdConfig(android.content.Context)
net.youmi.android.banner.BannerManager: java.lang.String b()
net.youmi.android.banner.BannerManager: void <clinit>()