Iloveyou/proguard/mapping.txt
com.wbw.iloveyou.ConfigActivity -> com.wbw.iloveyou.ConfigActivity:
    com.wbw.util.SharedPreferencesXml spxml -> f
    android.content.Context mContext -> g
    java.lang.String base -> h
    android.widget.ImageView cancle -> i
    android.widget.ImageView ok -> j
    android.widget.Button reset_bt -> k
    android.widget.EditText first_name_1 -> l
    android.widget.EditText first_name_2 -> m
    android.widget.Button first_back_bt -> n
    android.widget.Button first_music_bt -> o
    android.widget.EditText second_et -> p
    android.widget.Button second_back_bt -> q
    android.widget.Button second_enter_bt -> r
    android.widget.EditText thrid_f_et_1 -> s
    android.widget.EditText thrid_f_et_2 -> t
    android.widget.EditText thrid_s_et_1 -> u
    android.widget.EditText thrid_s_et_2 -> v
    android.widget.EditText thrid_s_et_3 -> w
    android.widget.EditText thrid_s_et_4 -> x
    android.widget.Button thrid_back_bt -> y
    android.widget.Button thrid_music_bt -> z
    com.wbw.view.SwitchButton music_on_off -> A
    android.widget.Button second_textcolor_bt -> B
    android.widget.ImageView isnew -> C
    android.widget.Button downapk_tv -> D
    android.widget.Button youmi_bt -> E
    android.widget.ProgressBar pro -> F
    int changepro -> G
    int DOWNOK -> H
    int ISNEW_VISIBLE -> I
    android.os.Handler handler -> a
    int pic_kind -> b
    int music_kind -> c
    int first_back -> d
    int first_music -> e
    int second_back -> J
com.wbw.iloveyou.ConfigActivity$1 -> com.wbw.iloveyou.a:
    com.wbw.iloveyou.ConfigActivity this$0 -> a
    void handleMessage(android.os.Message) -> handleMessage
com.wbw.iloveyou.ConfigActivity$10 -> com.wbw.iloveyou.b:
    com.wbw.iloveyou.ConfigActivity this$0 -> a
    void onCheckedChanged(android.widget.CompoundButton,boolean) -> onCheckedChanged
com.wbw.iloveyou.ConfigActivity$11 -> com.wbw.iloveyou.c:
    com.wbw.iloveyou.ConfigActivity this$0 -> a
    void onClick(android.view.View) -> onClick
    com.wbw.iloveyou.ConfigActivity access$0(com.wbw.iloveyou.ConfigActivity$11) -> a
com.wbw.iloveyou.ConfigActivity$11$1 -> com.wbw.iloveyou.d:
    com.wbw.iloveyou.ConfigActivity$11 this$1 -> a
    void onClick(android.content.DialogInterface,int) -> onClick
com.wbw.iloveyou.ConfigActivity$11$2 -> com.wbw.iloveyou.e:
    com.wbw.iloveyou.ConfigActivity$11 this$1 -> a
    void onClick(android.content.DialogInterface,int) -> onClick
com.wbw.iloveyou.ConfigActivity$12 -> com.wbw.iloveyou.f:
    com.wbw.iloveyou.ConfigActivity this$0 -> a
    void onClick(android.view.View) -> onClick
com.wbw.iloveyou.ConfigActivity$13 -> com.wbw.iloveyou.g:
    com.wbw.iloveyou.ConfigActivity this$0 -> a
    void onClick(android.view.View) -> onClick
    com.wbw.iloveyou.ConfigActivity access$0(com.wbw.iloveyou.ConfigActivity$13) -> a
com.wbw.iloveyou.ConfigActivity$13$1 -> com.wbw.iloveyou.h:
    com.wbw.iloveyou.ConfigActivity$13 this$1 -> a
    void colorChanged(int) -> a
com.wbw.iloveyou.ConfigActivity$14 -> com.wbw.iloveyou.i:
    com.wbw.iloveyou.ConfigActivity this$0 -> a
    void onClick(android.view.View) -> onClick
com.wbw.iloveyou.ConfigActivity$15 -> com.wbw.iloveyou.j:
    com.wbw.iloveyou.ConfigActivity this$0 -> a
    void onClick(android.view.View) -> onClick
com.wbw.iloveyou.ConfigActivity$16 -> com.wbw.iloveyou.k:
    com.wbw.iloveyou.ConfigActivity this$0 -> a
    void run() -> run
com.wbw.iloveyou.ConfigActivity$2 -> com.wbw.iloveyou.l:
    com.wbw.iloveyou.ConfigActivity this$0 -> a
    void run() -> run
com.wbw.iloveyou.ConfigActivity$3 -> com.wbw.iloveyou.m:
    com.wbw.iloveyou.ConfigActivity this$0 -> a
    void onClick(android.view.View) -> onClick
com.wbw.iloveyou.ConfigActivity$4 -> com.wbw.iloveyou.n:
    com.wbw.iloveyou.ConfigActivity this$0 -> a
    void onClick(android.view.View) -> onClick
com.wbw.iloveyou.ConfigActivity$5 -> com.wbw.iloveyou.o:
    com.wbw.iloveyou.ConfigActivity this$0 -> a
    void onClick(android.view.View) -> onClick
...
net.youmi.android.a.k.a.k -> net.youmi.android.a.k.a.k:
    net.youmi.android.a.k.a.j a -> a
    void onDownloadStart(java.lang.String,java.lang.String,java.lang.String,java.lang.String,long) -> onDownloadStart
net.youmi.android.a.k.a.l -> net.youmi.android.a.k.a.l:
    android.widget.TextView a -> a
    android.widget.Button b -> b
    android.widget.Button c -> c
    void setErrTips(java.lang.String) -> setErrTips
    android.widget.TextView getTipsView() -> getTipsView
    android.widget.Button getSetNetworkButton() -> getSetNetworkButton
    android.widget.Button getRefreshButton() -> getRefreshButton
net.youmi.android.a.k.a.m -> net.youmi.android.a.k.a.m:
    android.widget.ProgressBar a -> a
    android.widget.TextView b -> b
    net.youmi.android.a.k.a.o c -> c
    android.widget.LinearLayout d -> d
    void a(java.lang.String) -> a
    net.youmi.android.a.k.a.o getStyleConfig() -> getStyleConfig
net.youmi.android.a.k.a.n -> net.youmi.android.a.k.a.n:
net.youmi.android.a.k.a.o -> net.youmi.android.a.k.a.o:
    net.youmi.android.a.k.a.m a -> a
    float b -> b
    int c -> c
    android.graphics.drawable.Drawable d -> d
    int e -> e
    int f -> f
    net.youmi.android.a.k.a.o a(int) -> a
    net.youmi.android.a.k.a.o a(float) -> a
    net.youmi.android.a.k.a.o a(android.graphics.drawable.Drawable) -> a
    net.youmi.android.a.k.a.o b(int) -> b
net.youmi.android.b.a.a -> net.youmi.android.b.a.a:
    char[] b -> b
    int[] c -> c
    char[] a -> a
    java.lang.String a(byte[],java.lang.String,int) -> a
    java.lang.String a(int) -> a
    java.lang.String a(java.lang.String) -> a
    int a(char) -> a
    char b(int) -> b
net.youmi.android.b.a.b -> net.youmi.android.b.a.b:
    java.lang.String a -> a
    java.lang.String b -> b
    java.lang.String c -> c
    java.lang.String d -> d
    java.lang.String e -> e
    boolean f -> f
    java.lang.String f() -> f
    java.lang.String a(android.content.Context) -> a
    java.lang.String a(java.lang.String) -> a
    boolean g() -> g
    java.lang.String a() -> a
    java.lang.String b() -> b
    java.lang.String c() -> c
    java.lang.String d() -> d
    boolean e() -> e
net.youmi.android.b.a.c -> net.youmi.android.b.a.c:
    void a(java.lang.String,java.io.ByteArrayOutputStream) -> a
net.youmi.android.b.b.a -> net.youmi.android.b.b.a:
    java.lang.String a -> a
    java.lang.String b -> b
    java.lang.String c -> c
    int d -> d
    int e -> e
    java.lang.String f -> f
    boolean g -> g
    java.lang.String a() -> a
    java.lang.String a(android.content.Context) -> a
    void a(android.content.Context,java.lang.String) -> a
    java.lang.String b(android.content.Context) -> b
    void b(android.content.Context,java.lang.String) -> b
    boolean c(android.content.Context) -> c
    java.lang.String d(android.content.Context) -> d
    int e(android.content.Context) -> e
    int f(android.content.Context) -> f
    void c(android.content.Context,java.lang.String) -> c
    java.lang.String g(android.content.Context) -> g
    void a(boolean) -> a
    boolean b() -> b
net.youmi.android.b.b.b -> net.youmi.android.b.b.b:
    boolean a(android.content.Context,java.lang.String,java.lang.String,java.lang.String,java.lang.String) -> a
    java.lang.String b(android.content.Context,java.lang.String,java.lang.String,java.lang.String,java.lang.String) -> b