Iloveyou/proguard/usage.txt
com.wbw.iloveyou.BuildConfig
com.wbw.iloveyou.R
com.wbw.iloveyou.R$anim
com.wbw.iloveyou.R$attr
com.wbw.iloveyou.R$color
com.wbw.iloveyou.R$dimen
com.wbw.iloveyou.R$drawable
com.wbw.iloveyou.R$id
com.wbw.iloveyou.R$layout
com.wbw.iloveyou.R$menu
com.wbw.iloveyou.R$raw
com.wbw.iloveyou.R$string
com.wbw.iloveyou.R$style
...
android.support.v4.view.MenuItemCompat$IcsMenuVersionImpl$1
android.support.v4.view.MenuItemCompat$MenuVersionImpl
android.support.v4.view.MenuItemCompat$OnActionExpandListener
android.support.v4.view.MenuItemCompatHoneycomb
android.support.v4.view.MenuItemCompatIcs
android.support.v4.view.MenuItemCompatIcs$OnActionExpandListenerWrapper
android.support.v4.view.MenuItemCompatIcs$SupportActionExpandProxy
android.support.v4.view.MotionEventCompat:
    public static final int ACTION_MASK
    public static final int ACTION_POINTER_DOWN
    public static final int ACTION_POINTER_UP
    public static final int ACTION_HOVER_MOVE
    public static final int ACTION_SCROLL
    public static final int ACTION_POINTER_INDEX_MASK
    public static final int ACTION_POINTER_INDEX_SHIFT
    public static final int ACTION_HOVER_ENTER
    public static final int ACTION_HOVER_EXIT
    25:80:public MotionEventCompat()
android.support.v4.view.MotionEventCompatEclair:
    24:24:MotionEventCompatEclair()
android.support.v4.view.PagerAdapter:
    public static final int POSITION_UNCHANGED
    public static final int POSITION_NONE
    268:268:public int getItemPosition(java.lang.Object)
    276:277:public void notifyDataSetChanged()
android.support.v4.view.PagerTabStrip:
    private static final java.lang.String TAG
    private static final int INDICATOR_HEIGHT
    private static final int MIN_PADDING_BOTTOM
    private static final int TAB_PADDING
    private static final int TAB_SPACING
    private static final int MIN_TEXT_SPACING
    private static final int FULL_UNDERLINE_HEIGHT
    private static final int MIN_STRIP_HEIGHT
    76:77:public PagerTabStrip(android.content.Context)
    129:132:public void setTabIndicatorColor(int)
    140:141:public void setTabIndicatorColorResource(int)
    147:147:public int getTabIndicatorColor()
    197:200:public void setDrawFullUnderline(boolean)
    210:210:public boolean getDrawFullUnderline()
android.support.v4.view.PagerTitleStrip:
    private static final java.lang.String TAG
    private static final float SIDE_ALPHA
    private static final int TEXT_SPACING
    112:113:public PagerTitleStrip(android.content.Context)
    206:211:public void setTextColor(int)
    236:238:public void setGravity(int)
android.support.v4.view.PagerTitleStrip$PageListener:
    501:502:public void onAdapterChanged(android.support.v4.view.PagerAdapter,android.support.v4.view.PagerAdapter)
android.support.v4.view.PagerTitleStripIcs:
    26:31:PagerTitleStripIcs()
android.support.v4.view.PagerTitleStripIcs$SingleLineAllCapsTransform:
    private static final java.lang.String TAG
android.support.v4.view.ScaleGestureDetectorCompat
android.support.v4.view.ScaleGestureDetectorCompat$1
android.support.v4.view.ScaleGestureDetectorCompat$BaseScaleGestureDetectorImpl
android.support.v4.view.ScaleGestureDetectorCompat$ScaleGestureDetectorCompatKitKatImpl
android.support.v4.view.ScaleGestureDetectorCompat$ScaleGestureDetectorImpl
android.support.v4.view.ScaleGestureDetectorCompatKitKat
android.support.v4.view.VelocityTrackerCompat:
    25:51:public VelocityTrackerCompat()
android.support.v4.view.VelocityTrackerCompatHoneycomb:
    24:24:VelocityTrackerCompatHoneycomb()